

Started GET "/" for 192.168.1.62 at 2018-05-09 09:47:53 +0700
Cannot render console from 192.168.1.62! Allowed networks: 127.0.0.1, ::1, 127.0.0.0/127.255.255.255
Processing by DockerController#index as HTML
Completed 500 Internal Server Error in 19ms (ActiveRecord: 0.0ms)

ActionView::MissingTemplate (Missing template docker/index, application/index with {:locale=>[:en], :formats=>[:html], :variants=>[], :handlers=>[:erb, :builder, :raw, :ruby, :coffee, :jbuilder]}. Searched in:
  * "/home/docker16/app_rails/app/views"
):
  actionview (4.2.6) lib/action_view/path_set.rb:46:in `find'
  actionview (4.2.6) lib/action_view/lookup_context.rb:121:in `find'
  actionview (4.2.6) lib/action_view/renderer/abstract_renderer.rb:18:in `find_template'
  actionview (4.2.6) lib/action_view/renderer/template_renderer.rb:40:in `determine_template'
  actionview (4.2.6) lib/action_view/renderer/template_renderer.rb:8:in `render'
  actionview (4.2.6) lib/action_view/renderer/renderer.rb:46:in `render_template'
  actionview (4.2.6) lib/action_view/renderer/renderer.rb:27:in `render'
  actionview (4.2.6) lib/action_view/rendering.rb:100:in `_render_template'
  actionpack (4.2.6) lib/action_controller/metal/streaming.rb:217:in `_render_template'
  actionview (4.2.6) lib/action_view/rendering.rb:83:in `render_to_body'
  actionpack (4.2.6) lib/action_controller/metal/rendering.rb:32:in `render_to_body'
  actionpack (4.2.6) lib/action_controller/metal/renderers.rb:37:in `render_to_body'
  actionpack (4.2.6) lib/abstract_controller/rendering.rb:25:in `render'
  actionpack (4.2.6) lib/action_controller/metal/rendering.rb:16:in `render'
  actionpack (4.2.6) lib/action_controller/metal/instrumentation.rb:44:in `block (2 levels) in render'
  activesupport (4.2.6) lib/active_support/core_ext/benchmark.rb:12:in `block in ms'
  /home/docker16/.rbenv/versions/2.1.2/lib/ruby/2.1.0/benchmark.rb:294:in `realtime'
  activesupport (4.2.6) lib/active_support/core_ext/benchmark.rb:12:in `ms'
  actionpack (4.2.6) lib/action_controller/metal/instrumentation.rb:44:in `block in render'
  actionpack (4.2.6) lib/action_controller/metal/instrumentation.rb:87:in `cleanup_view_runtime'
  activerecord (4.2.6) lib/active_record/railties/controller_runtime.rb:25:in `cleanup_view_runtime'
  actionpack (4.2.6) lib/action_controller/metal/instrumentation.rb:43:in `render'
  actionpack (4.2.6) lib/action_controller/metal/implicit_render.rb:10:in `default_render'
  actionpack (4.2.6) lib/action_controller/metal/implicit_render.rb:5:in `send_action'
  actionpack (4.2.6) lib/abstract_controller/base.rb:198:in `process_action'
  actionpack (4.2.6) lib/action_controller/metal/rendering.rb:10:in `process_action'
  actionpack (4.2.6) lib/abstract_controller/callbacks.rb:20:in `block in process_action'
  activesupport (4.2.6) lib/active_support/callbacks.rb:117:in `call'
  activesupport (4.2.6) lib/active_support/callbacks.rb:117:in `call'
  activesupport (4.2.6) lib/active_support/callbacks.rb:555:in `block (2 levels) in compile'
  activesupport (4.2.6) lib/active_support/callbacks.rb:505:in `call'
  activesupport (4.2.6) lib/active_support/callbacks.rb:505:in `call'
  activesupport (4.2.6) lib/active_support/callbacks.rb:92:in `__run_callbacks__'
  activesupport (4.2.6) lib/active_support/callbacks.rb:778:in `_run_process_action_callbacks'
  activesupport (4.2.6) lib/active_support/callbacks.rb:81:in `run_callbacks'
  actionpack (4.2.6) lib/abstract_controller/callbacks.rb:19:in `process_action'
  actionpack (4.2.6) lib/action_controller/metal/rescue.rb:29:in `process_action'
  actionpack (4.2.6) lib/action_controller/metal/instrumentation.rb:32:in `block in process_action'
  activesupport (4.2.6) lib/active_support/notifications.rb:164:in `block in instrument'
  activesupport (4.2.6) lib/active_support/notifications/instrumenter.rb:20:in `instrument'
  activesupport (4.2.6) lib/active_support/notifications.rb:164:in `instrument'
  actionpack (4.2.6) lib/action_controller/metal/instrumentation.rb:30:in `process_action'
  actionpack (4.2.6) lib/action_controller/metal/params_wrapper.rb:250:in `process_action'
  activerecord (4.2.6) lib/active_record/railties/controller_runtime.rb:18:in `process_action'
  actionpack (4.2.6) lib/abstract_controller/base.rb:137:in `process'
  actionview (4.2.6) lib/action_view/rendering.rb:30:in `process'
  actionpack (4.2.6) lib/action_controller/metal.rb:196:in `dispatch'
  actionpack (4.2.6) lib/action_controller/metal/rack_delegation.rb:13:in `dispatch'
  actionpack (4.2.6) lib/action_controller/metal.rb:237:in `block in action'
  actionpack (4.2.6) lib/action_dispatch/routing/route_set.rb:74:in `call'
  actionpack (4.2.6) lib/action_dispatch/routing/route_set.rb:74:in `dispatch'
  actionpack (4.2.6) lib/action_dispatch/routing/route_set.rb:43:in `serve'
  actionpack (4.2.6) lib/action_dispatch/journey/router.rb:43:in `block in serve'
  actionpack (4.2.6) lib/action_dispatch/journey/router.rb:30:in `each'
  actionpack (4.2.6) lib/action_dispatch/journey/router.rb:30:in `serve'
  actionpack (4.2.6) lib/action_dispatch/routing/route_set.rb:817:in `call'
  rack (1.6.10) lib/rack/etag.rb:24:in `call'
  rack (1.6.10) lib/rack/conditionalget.rb:25:in `call'
  rack (1.6.10) lib/rack/head.rb:13:in `call'
  actionpack (4.2.6) lib/action_dispatch/middleware/params_parser.rb:27:in `call'
  actionpack (4.2.6) lib/action_dispatch/middleware/flash.rb:260:in `call'
  rack (1.6.10) lib/rack/session/abstract/id.rb:225:in `context'
  rack (1.6.10) lib/rack/session/abstract/id.rb:220:in `call'
  actionpack (4.2.6) lib/action_dispatch/middleware/cookies.rb:560:in `call'
  activerecord (4.2.6) lib/active_record/query_cache.rb:36:in `call'
  activerecord (4.2.6) lib/active_record/connection_adapters/abstract/connection_pool.rb:653:in `call'
  activerecord (4.2.6) lib/active_record/migration.rb:377:in `call'
  actionpack (4.2.6) lib/action_dispatch/middleware/callbacks.rb:29:in `block in call'
  activesupport (4.2.6) lib/active_support/callbacks.rb:88:in `__run_callbacks__'
  activesupport (4.2.6) lib/active_support/callbacks.rb:778:in `_run_call_callbacks'
  activesupport (4.2.6) lib/active_support/callbacks.rb:81:in `run_callbacks'
  actionpack (4.2.6) lib/action_dispatch/middleware/callbacks.rb:27:in `call'
  actionpack (4.2.6) lib/action_dispatch/middleware/reloader.rb:73:in `call'
  actionpack (4.2.6) lib/action_dispatch/middleware/remote_ip.rb:78:in `call'
  actionpack (4.2.6) lib/action_dispatch/middleware/debug_exceptions.rb:17:in `call'
  web-console (2.3.0) lib/web_console/middleware.rb:20:in `block in call'
  web-console (2.3.0) lib/web_console/middleware.rb:18:in `catch'
  web-console (2.3.0) lib/web_console/middleware.rb:18:in `call'
  actionpack (4.2.6) lib/action_dispatch/middleware/show_exceptions.rb:30:in `call'
  railties (4.2.6) lib/rails/rack/logger.rb:38:in `call_app'
  railties (4.2.6) lib/rails/rack/logger.rb:20:in `block in call'
  activesupport (4.2.6) lib/active_support/tagged_logging.rb:68:in `block in tagged'
  activesupport (4.2.6) lib/active_support/tagged_logging.rb:26:in `tagged'
  activesupport (4.2.6) lib/active_support/tagged_logging.rb:68:in `tagged'
  railties (4.2.6) lib/rails/rack/logger.rb:20:in `call'
  actionpack (4.2.6) lib/action_dispatch/middleware/request_id.rb:21:in `call'
  rack (1.6.10) lib/rack/methodoverride.rb:22:in `call'
  rack (1.6.10) lib/rack/runtime.rb:18:in `call'
  activesupport (4.2.6) lib/active_support/cache/strategy/local_cache_middleware.rb:28:in `call'
  rack (1.6.10) lib/rack/lock.rb:17:in `call'
  actionpack (4.2.6) lib/action_dispatch/middleware/static.rb:120:in `call'
  rack (1.6.10) lib/rack/sendfile.rb:113:in `call'
  railties (4.2.6) lib/rails/engine.rb:518:in `call'
  railties (4.2.6) lib/rails/application.rb:165:in `call'
  rack (1.6.10) lib/rack/lock.rb:17:in `call'
  rack (1.6.10) lib/rack/content_length.rb:15:in `call'
  rack (1.6.10) lib/rack/handler/webrick.rb:88:in `service'
  /home/docker16/.rbenv/versions/2.1.2/lib/ruby/2.1.0/webrick/httpserver.rb:138:in `service'
  /home/docker16/.rbenv/versions/2.1.2/lib/ruby/2.1.0/webrick/httpserver.rb:94:in `run'
  /home/docker16/.rbenv/versions/2.1.2/lib/ruby/2.1.0/webrick/server.rb:295:in `block in start_thread'


  Rendered /home/docker16/.rbenv/versions/2.1.2/lib/ruby/gems/2.1.0/gems/actionpack-4.2.6/lib/action_dispatch/middleware/templates/rescues/_source.erb (4.0ms)
  Rendered /home/docker16/.rbenv/versions/2.1.2/lib/ruby/gems/2.1.0/gems/actionpack-4.2.6/lib/action_dispatch/middleware/templates/rescues/_trace.html.erb (1.9ms)
  Rendered /home/docker16/.rbenv/versions/2.1.2/lib/ruby/gems/2.1.0/gems/actionpack-4.2.6/lib/action_dispatch/middleware/templates/rescues/_request_and_response.html.erb (0.9ms)
  Rendered /home/docker16/.rbenv/versions/2.1.2/lib/ruby/gems/2.1.0/gems/actionpack-4.2.6/lib/action_dispatch/middleware/templates/rescues/missing_template.html.erb within rescues/layout (19.9ms)


Started GET "/" for 192.168.1.62 at 2018-05-09 09:48:56 +0700
Cannot render console from 192.168.1.62! Allowed networks: 127.0.0.1, ::1, 127.0.0.0/127.255.255.255
Processing by Rails::WelcomeController#index as HTML
  Rendered /home/docker16/.rbenv/versions/2.1.2/lib/ruby/gems/2.1.0/gems/railties-4.2.6/lib/rails/templates/rails/welcome/index.html.erb (1.4ms)
Completed 200 OK in 19ms (Views: 10.0ms | ActiveRecord: 0.0ms)


Started GET "/" for 192.168.1.62 at 2018-05-09 09:53:55 +0700
Cannot render console from 192.168.1.62! Allowed networks: 127.0.0.1, ::1, 127.0.0.0/127.255.255.255
Processing by DockerController#index as HTML
Completed 500 Internal Server Error in 21ms (ActiveRecord: 0.0ms)

ActionView::MissingTemplate (Missing template docker/index, application/index with {:locale=>[:en], :formats=>[:html], :variants=>[], :handlers=>[:erb, :builder, :raw, :ruby, :coffee, :jbuilder]}. Searched in:
  * "/home/docker16/app_rails/app/views"
):
  actionview (4.2.6) lib/action_view/path_set.rb:46:in `find'
  actionview (4.2.6) lib/action_view/lookup_context.rb:121:in `find'
  actionview (4.2.6) lib/action_view/renderer/abstract_renderer.rb:18:in `find_template'
  actionview (4.2.6) lib/action_view/renderer/template_renderer.rb:40:in `determine_template'
  actionview (4.2.6) lib/action_view/renderer/template_renderer.rb:8:in `render'
  actionview (4.2.6) lib/action_view/renderer/renderer.rb:46:in `render_template'
  actionview (4.2.6) lib/action_view/renderer/renderer.rb:27:in `render'
  actionview (4.2.6) lib/action_view/rendering.rb:100:in `_render_template'
  actionpack (4.2.6) lib/action_controller/metal/streaming.rb:217:in `_render_template'
  actionview (4.2.6) lib/action_view/rendering.rb:83:in `render_to_body'
  actionpack (4.2.6) lib/action_controller/metal/rendering.rb:32:in `render_to_body'
  actionpack (4.2.6) lib/action_controller/metal/renderers.rb:37:in `render_to_body'
  actionpack (4.2.6) lib/abstract_controller/rendering.rb:25:in `render'
  actionpack (4.2.6) lib/action_controller/metal/rendering.rb:16:in `render'
  actionpack (4.2.6) lib/action_controller/metal/instrumentation.rb:44:in `block (2 levels) in render'
  activesupport (4.2.6) lib/active_support/core_ext/benchmark.rb:12:in `block in ms'
  /home/docker16/.rbenv/versions/2.1.2/lib/ruby/2.1.0/benchmark.rb:294:in `realtime'
  activesupport (4.2.6) lib/active_support/core_ext/benchmark.rb:12:in `ms'
  actionpack (4.2.6) lib/action_controller/metal/instrumentation.rb:44:in `block in render'
  actionpack (4.2.6) lib/action_controller/metal/instrumentation.rb:87:in `cleanup_view_runtime'
  activerecord (4.2.6) lib/active_record/railties/controller_runtime.rb:25:in `cleanup_view_runtime'
  actionpack (4.2.6) lib/action_controller/metal/instrumentation.rb:43:in `render'
  actionpack (4.2.6) lib/action_controller/metal/implicit_render.rb:10:in `default_render'
  actionpack (4.2.6) lib/action_controller/metal/implicit_render.rb:5:in `send_action'
  actionpack (4.2.6) lib/abstract_controller/base.rb:198:in `process_action'
  actionpack (4.2.6) lib/action_controller/metal/rendering.rb:10:in `process_action'
  actionpack (4.2.6) lib/abstract_controller/callbacks.rb:20:in `block in process_action'
  activesupport (4.2.6) lib/active_support/callbacks.rb:117:in `call'
  activesupport (4.2.6) lib/active_support/callbacks.rb:117:in `call'
  activesupport (4.2.6) lib/active_support/callbacks.rb:555:in `block (2 levels) in compile'
  activesupport (4.2.6) lib/active_support/callbacks.rb:505:in `call'
  activesupport (4.2.6) lib/active_support/callbacks.rb:505:in `call'
  activesupport (4.2.6) lib/active_support/callbacks.rb:92:in `__run_callbacks__'
  activesupport (4.2.6) lib/active_support/callbacks.rb:778:in `_run_process_action_callbacks'
  activesupport (4.2.6) lib/active_support/callbacks.rb:81:in `run_callbacks'
  actionpack (4.2.6) lib/abstract_controller/callbacks.rb:19:in `process_action'
  actionpack (4.2.6) lib/action_controller/metal/rescue.rb:29:in `process_action'
  actionpack (4.2.6) lib/action_controller/metal/instrumentation.rb:32:in `block in process_action'
  activesupport (4.2.6) lib/active_support/notifications.rb:164:in `block in instrument'
  activesupport (4.2.6) lib/active_support/notifications/instrumenter.rb:20:in `instrument'
  activesupport (4.2.6) lib/active_support/notifications.rb:164:in `instrument'
  actionpack (4.2.6) lib/action_controller/metal/instrumentation.rb:30:in `process_action'
  actionpack (4.2.6) lib/action_controller/metal/params_wrapper.rb:250:in `process_action'
  activerecord (4.2.6) lib/active_record/railties/controller_runtime.rb:18:in `process_action'
  actionpack (4.2.6) lib/abstract_controller/base.rb:137:in `process'
  actionview (4.2.6) lib/action_view/rendering.rb:30:in `process'
  actionpack (4.2.6) lib/action_controller/metal.rb:196:in `dispatch'
  actionpack (4.2.6) lib/action_controller/metal/rack_delegation.rb:13:in `dispatch'
  actionpack (4.2.6) lib/action_controller/metal.rb:237:in `block in action'
  actionpack (4.2.6) lib/action_dispatch/routing/route_set.rb:74:in `call'
  actionpack (4.2.6) lib/action_dispatch/routing/route_set.rb:74:in `dispatch'
  actionpack (4.2.6) lib/action_dispatch/routing/route_set.rb:43:in `serve'
  actionpack (4.2.6) lib/action_dispatch/journey/router.rb:43:in `block in serve'
  actionpack (4.2.6) lib/action_dispatch/journey/router.rb:30:in `each'
  actionpack (4.2.6) lib/action_dispatch/journey/router.rb:30:in `serve'
  actionpack (4.2.6) lib/action_dispatch/routing/route_set.rb:817:in `call'
  rack (1.6.10) lib/rack/etag.rb:24:in `call'
  rack (1.6.10) lib/rack/conditionalget.rb:25:in `call'
  rack (1.6.10) lib/rack/head.rb:13:in `call'
  actionpack (4.2.6) lib/action_dispatch/middleware/params_parser.rb:27:in `call'
  actionpack (4.2.6) lib/action_dispatch/middleware/flash.rb:260:in `call'
  rack (1.6.10) lib/rack/session/abstract/id.rb:225:in `context'
  rack (1.6.10) lib/rack/session/abstract/id.rb:220:in `call'
  actionpack (4.2.6) lib/action_dispatch/middleware/cookies.rb:560:in `call'
  activerecord (4.2.6) lib/active_record/query_cache.rb:36:in `call'
  activerecord (4.2.6) lib/active_record/connection_adapters/abstract/connection_pool.rb:653:in `call'
  activerecord (4.2.6) lib/active_record/migration.rb:377:in `call'
  actionpack (4.2.6) lib/action_dispatch/middleware/callbacks.rb:29:in `block in call'
  activesupport (4.2.6) lib/active_support/callbacks.rb:88:in `__run_callbacks__'
  activesupport (4.2.6) lib/active_support/callbacks.rb:778:in `_run_call_callbacks'
  activesupport (4.2.6) lib/active_support/callbacks.rb:81:in `run_callbacks'
  actionpack (4.2.6) lib/action_dispatch/middleware/callbacks.rb:27:in `call'
  actionpack (4.2.6) lib/action_dispatch/middleware/reloader.rb:73:in `call'
  actionpack (4.2.6) lib/action_dispatch/middleware/remote_ip.rb:78:in `call'
  actionpack (4.2.6) lib/action_dispatch/middleware/debug_exceptions.rb:17:in `call'
  web-console (2.3.0) lib/web_console/middleware.rb:20:in `block in call'
  web-console (2.3.0) lib/web_console/middleware.rb:18:in `catch'
  web-console (2.3.0) lib/web_console/middleware.rb:18:in `call'
  actionpack (4.2.6) lib/action_dispatch/middleware/show_exceptions.rb:30:in `call'
  railties (4.2.6) lib/rails/rack/logger.rb:38:in `call_app'
  railties (4.2.6) lib/rails/rack/logger.rb:20:in `block in call'
  activesupport (4.2.6) lib/active_support/tagged_logging.rb:68:in `block in tagged'
  activesupport (4.2.6) lib/active_support/tagged_logging.rb:26:in `tagged'
  activesupport (4.2.6) lib/active_support/tagged_logging.rb:68:in `tagged'
  railties (4.2.6) lib/rails/rack/logger.rb:20:in `call'
  actionpack (4.2.6) lib/action_dispatch/middleware/request_id.rb:21:in `call'
  rack (1.6.10) lib/rack/methodoverride.rb:22:in `call'
  rack (1.6.10) lib/rack/runtime.rb:18:in `call'
  activesupport (4.2.6) lib/active_support/cache/strategy/local_cache_middleware.rb:28:in `call'
  rack (1.6.10) lib/rack/lock.rb:17:in `call'
  actionpack (4.2.6) lib/action_dispatch/middleware/static.rb:120:in `call'
  rack (1.6.10) lib/rack/sendfile.rb:113:in `call'
  railties (4.2.6) lib/rails/engine.rb:518:in `call'
  railties (4.2.6) lib/rails/application.rb:165:in `call'
  rack (1.6.10) lib/rack/lock.rb:17:in `call'
  rack (1.6.10) lib/rack/content_length.rb:15:in `call'
  rack (1.6.10) lib/rack/handler/webrick.rb:88:in `service'
  /home/docker16/.rbenv/versions/2.1.2/lib/ruby/2.1.0/webrick/httpserver.rb:138:in `service'
  /home/docker16/.rbenv/versions/2.1.2/lib/ruby/2.1.0/webrick/httpserver.rb:94:in `run'
  /home/docker16/.rbenv/versions/2.1.2/lib/ruby/2.1.0/webrick/server.rb:295:in `block in start_thread'


  Rendered /home/docker16/.rbenv/versions/2.1.2/lib/ruby/gems/2.1.0/gems/actionpack-4.2.6/lib/action_dispatch/middleware/templates/rescues/_source.erb (4.0ms)
  Rendered /home/docker16/.rbenv/versions/2.1.2/lib/ruby/gems/2.1.0/gems/actionpack-4.2.6/lib/action_dispatch/middleware/templates/rescues/_trace.html.erb (2.0ms)
  Rendered /home/docker16/.rbenv/versions/2.1.2/lib/ruby/gems/2.1.0/gems/actionpack-4.2.6/lib/action_dispatch/middleware/templates/rescues/_request_and_response.html.erb (0.8ms)
  Rendered /home/docker16/.rbenv/versions/2.1.2/lib/ruby/gems/2.1.0/gems/actionpack-4.2.6/lib/action_dispatch/middleware/templates/rescues/missing_template.html.erb within rescues/layout (19.4ms)


Started GET "/" for 192.168.1.62 at 2018-05-09 09:54:02 +0700
Cannot render console from 192.168.1.62! Allowed networks: 127.0.0.1, ::1, 127.0.0.0/127.255.255.255
Processing by DockerController#index as HTML
Completed 500 Internal Server Error in 1ms (ActiveRecord: 0.0ms)

ActionView::MissingTemplate (Missing template docker/index, application/index with {:locale=>[:en], :formats=>[:html], :variants=>[], :handlers=>[:erb, :builder, :raw, :ruby, :coffee, :jbuilder]}. Searched in:
  * "/home/docker16/app_rails/app/views"
):
  actionview (4.2.6) lib/action_view/path_set.rb:46:in `find'
  actionview (4.2.6) lib/action_view/lookup_context.rb:121:in `find'
  actionview (4.2.6) lib/action_view/renderer/abstract_renderer.rb:18:in `find_template'
  actionview (4.2.6) lib/action_view/renderer/template_renderer.rb:40:in `determine_template'
  actionview (4.2.6) lib/action_view/renderer/template_renderer.rb:8:in `render'
  actionview (4.2.6) lib/action_view/renderer/renderer.rb:46:in `render_template'
  actionview (4.2.6) lib/action_view/renderer/renderer.rb:27:in `render'
  actionview (4.2.6) lib/action_view/rendering.rb:100:in `_render_template'
  actionpack (4.2.6) lib/action_controller/metal/streaming.rb:217:in `_render_template'
  actionview (4.2.6) lib/action_view/rendering.rb:83:in `render_to_body'
  actionpack (4.2.6) lib/action_controller/metal/rendering.rb:32:in `render_to_body'
  actionpack (4.2.6) lib/action_controller/metal/renderers.rb:37:in `render_to_body'
  actionpack (4.2.6) lib/abstract_controller/rendering.rb:25:in `render'
  actionpack (4.2.6) lib/action_controller/metal/rendering.rb:16:in `render'
  actionpack (4.2.6) lib/action_controller/metal/instrumentation.rb:44:in `block (2 levels) in render'
  activesupport (4.2.6) lib/active_support/core_ext/benchmark.rb:12:in `block in ms'
  /home/docker16/.rbenv/versions/2.1.2/lib/ruby/2.1.0/benchmark.rb:294:in `realtime'
  activesupport (4.2.6) lib/active_support/core_ext/benchmark.rb:12:in `ms'
  actionpack (4.2.6) lib/action_controller/metal/instrumentation.rb:44:in `block in render'
  actionpack (4.2.6) lib/action_controller/metal/instrumentation.rb:87:in `cleanup_view_runtime'
  activerecord (4.2.6) lib/active_record/railties/controller_runtime.rb:25:in `cleanup_view_runtime'
  actionpack (4.2.6) lib/action_controller/metal/instrumentation.rb:43:in `render'
  actionpack (4.2.6) lib/action_controller/metal/implicit_render.rb:10:in `default_render'
  actionpack (4.2.6) lib/action_controller/metal/implicit_render.rb:5:in `send_action'
  actionpack (4.2.6) lib/abstract_controller/base.rb:198:in `process_action'
  actionpack (4.2.6) lib/action_controller/metal/rendering.rb:10:in `process_action'
  actionpack (4.2.6) lib/abstract_controller/callbacks.rb:20:in `block in process_action'
  activesupport (4.2.6) lib/active_support/callbacks.rb:117:in `call'
  activesupport (4.2.6) lib/active_support/callbacks.rb:117:in `call'
  activesupport (4.2.6) lib/active_support/callbacks.rb:555:in `block (2 levels) in compile'
  activesupport (4.2.6) lib/active_support/callbacks.rb:505:in `call'
  activesupport (4.2.6) lib/active_support/callbacks.rb:505:in `call'
  activesupport (4.2.6) lib/active_support/callbacks.rb:92:in `__run_callbacks__'
  activesupport (4.2.6) lib/active_support/callbacks.rb:778:in `_run_process_action_callbacks'
  activesupport (4.2.6) lib/active_support/callbacks.rb:81:in `run_callbacks'
  actionpack (4.2.6) lib/abstract_controller/callbacks.rb:19:in `process_action'
  actionpack (4.2.6) lib/action_controller/metal/rescue.rb:29:in `process_action'
  actionpack (4.2.6) lib/action_controller/metal/instrumentation.rb:32:in `block in process_action'
  activesupport (4.2.6) lib/active_support/notifications.rb:164:in `block in instrument'
  activesupport (4.2.6) lib/active_support/notifications/instrumenter.rb:20:in `instrument'
  activesupport (4.2.6) lib/active_support/notifications.rb:164:in `instrument'
  actionpack (4.2.6) lib/action_controller/metal/instrumentation.rb:30:in `process_action'
  actionpack (4.2.6) lib/action_controller/metal/params_wrapper.rb:250:in `process_action'
  activerecord (4.2.6) lib/active_record/railties/controller_runtime.rb:18:in `process_action'
  actionpack (4.2.6) lib/abstract_controller/base.rb:137:in `process'
  actionview (4.2.6) lib/action_view/rendering.rb:30:in `process'
  actionpack (4.2.6) lib/action_controller/metal.rb:196:in `dispatch'
  actionpack (4.2.6) lib/action_controller/metal/rack_delegation.rb:13:in `dispatch'
  actionpack (4.2.6) lib/action_controller/metal.rb:237:in `block in action'
  actionpack (4.2.6) lib/action_dispatch/routing/route_set.rb:74:in `call'
  actionpack (4.2.6) lib/action_dispatch/routing/route_set.rb:74:in `dispatch'
  actionpack (4.2.6) lib/action_dispatch/routing/route_set.rb:43:in `serve'
  actionpack (4.2.6) lib/action_dispatch/journey/router.rb:43:in `block in serve'
  actionpack (4.2.6) lib/action_dispatch/journey/router.rb:30:in `each'
  actionpack (4.2.6) lib/action_dispatch/journey/router.rb:30:in `serve'
  actionpack (4.2.6) lib/action_dispatch/routing/route_set.rb:817:in `call'
  rack (1.6.10) lib/rack/etag.rb:24:in `call'
  rack (1.6.10) lib/rack/conditionalget.rb:25:in `call'
  rack (1.6.10) lib/rack/head.rb:13:in `call'
  actionpack (4.2.6) lib/action_dispatch/middleware/params_parser.rb:27:in `call'
  actionpack (4.2.6) lib/action_dispatch/middleware/flash.rb:260:in `call'
  rack (1.6.10) lib/rack/session/abstract/id.rb:225:in `context'
  rack (1.6.10) lib/rack/session/abstract/id.rb:220:in `call'
  actionpack (4.2.6) lib/action_dispatch/middleware/cookies.rb:560:in `call'
  activerecord (4.2.6) lib/active_record/query_cache.rb:36:in `call'
  activerecord (4.2.6) lib/active_record/connection_adapters/abstract/connection_pool.rb:653:in `call'
  activerecord (4.2.6) lib/active_record/migration.rb:377:in `call'
  actionpack (4.2.6) lib/action_dispatch/middleware/callbacks.rb:29:in `block in call'
  activesupport (4.2.6) lib/active_support/callbacks.rb:88:in `__run_callbacks__'
  activesupport (4.2.6) lib/active_support/callbacks.rb:778:in `_run_call_callbacks'
  activesupport (4.2.6) lib/active_support/callbacks.rb:81:in `run_callbacks'
  actionpack (4.2.6) lib/action_dispatch/middleware/callbacks.rb:27:in `call'
  actionpack (4.2.6) lib/action_dispatch/middleware/reloader.rb:73:in `call'
  actionpack (4.2.6) lib/action_dispatch/middleware/remote_ip.rb:78:in `call'
  actionpack (4.2.6) lib/action_dispatch/middleware/debug_exceptions.rb:17:in `call'
  web-console (2.3.0) lib/web_console/middleware.rb:20:in `block in call'
  web-console (2.3.0) lib/web_console/middleware.rb:18:in `catch'
  web-console (2.3.0) lib/web_console/middleware.rb:18:in `call'
  actionpack (4.2.6) lib/action_dispatch/middleware/show_exceptions.rb:30:in `call'
  railties (4.2.6) lib/rails/rack/logger.rb:38:in `call_app'
  railties (4.2.6) lib/rails/rack/logger.rb:20:in `block in call'
  activesupport (4.2.6) lib/active_support/tagged_logging.rb:68:in `block in tagged'
  activesupport (4.2.6) lib/active_support/tagged_logging.rb:26:in `tagged'
  activesupport (4.2.6) lib/active_support/tagged_logging.rb:68:in `tagged'
  railties (4.2.6) lib/rails/rack/logger.rb:20:in `call'
  actionpack (4.2.6) lib/action_dispatch/middleware/request_id.rb:21:in `call'
  rack (1.6.10) lib/rack/methodoverride.rb:22:in `call'
  rack (1.6.10) lib/rack/runtime.rb:18:in `call'
  activesupport (4.2.6) lib/active_support/cache/strategy/local_cache_middleware.rb:28:in `call'
  rack (1.6.10) lib/rack/lock.rb:17:in `call'
  actionpack (4.2.6) lib/action_dispatch/middleware/static.rb:120:in `call'
  rack (1.6.10) lib/rack/sendfile.rb:113:in `call'
  railties (4.2.6) lib/rails/engine.rb:518:in `call'
  railties (4.2.6) lib/rails/application.rb:165:in `call'
  rack (1.6.10) lib/rack/lock.rb:17:in `call'
  rack (1.6.10) lib/rack/content_length.rb:15:in `call'
  rack (1.6.10) lib/rack/handler/webrick.rb:88:in `service'
  /home/docker16/.rbenv/versions/2.1.2/lib/ruby/2.1.0/webrick/httpserver.rb:138:in `service'
  /home/docker16/.rbenv/versions/2.1.2/lib/ruby/2.1.0/webrick/httpserver.rb:94:in `run'
  /home/docker16/.rbenv/versions/2.1.2/lib/ruby/2.1.0/webrick/server.rb:295:in `block in start_thread'


  Rendered /home/docker16/.rbenv/versions/2.1.2/lib/ruby/gems/2.1.0/gems/actionpack-4.2.6/lib/action_dispatch/middleware/templates/rescues/_source.erb (4.5ms)
  Rendered /home/docker16/.rbenv/versions/2.1.2/lib/ruby/gems/2.1.0/gems/actionpack-4.2.6/lib/action_dispatch/middleware/templates/rescues/_trace.html.erb (1.6ms)
  Rendered /home/docker16/.rbenv/versions/2.1.2/lib/ruby/gems/2.1.0/gems/actionpack-4.2.6/lib/action_dispatch/middleware/templates/rescues/_request_and_response.html.erb (0.8ms)
  Rendered /home/docker16/.rbenv/versions/2.1.2/lib/ruby/gems/2.1.0/gems/actionpack-4.2.6/lib/action_dispatch/middleware/templates/rescues/missing_template.html.erb within rescues/layout (18.1ms)


Started GET "/" for 192.168.1.62 at 2018-05-09 10:12:06 +0700
Cannot render console from 192.168.1.62! Allowed networks: 127.0.0.1, ::1, 127.0.0.0/127.255.255.255
Processing by HomeController#index as HTML
Completed 500 Internal Server Error in 22ms (ActiveRecord: 0.0ms)

ActionView::MissingTemplate (Missing template home/index, application/index with {:locale=>[:en], :formats=>[:html], :variants=>[], :handlers=>[:erb, :builder, :raw, :ruby, :coffee, :jbuilder]}. Searched in:
  * "/home/docker16/app_rails/app/views"
):
  actionview (4.2.6) lib/action_view/path_set.rb:46:in `find'
  actionview (4.2.6) lib/action_view/lookup_context.rb:121:in `find'
  actionview (4.2.6) lib/action_view/renderer/abstract_renderer.rb:18:in `find_template'
  actionview (4.2.6) lib/action_view/renderer/template_renderer.rb:40:in `determine_template'
  actionview (4.2.6) lib/action_view/renderer/template_renderer.rb:8:in `render'
  actionview (4.2.6) lib/action_view/renderer/renderer.rb:46:in `render_template'
  actionview (4.2.6) lib/action_view/renderer/renderer.rb:27:in `render'
  actionview (4.2.6) lib/action_view/rendering.rb:100:in `_render_template'
  actionpack (4.2.6) lib/action_controller/metal/streaming.rb:217:in `_render_template'
  actionview (4.2.6) lib/action_view/rendering.rb:83:in `render_to_body'
  actionpack (4.2.6) lib/action_controller/metal/rendering.rb:32:in `render_to_body'
  actionpack (4.2.6) lib/action_controller/metal/renderers.rb:37:in `render_to_body'
  actionpack (4.2.6) lib/abstract_controller/rendering.rb:25:in `render'
  actionpack (4.2.6) lib/action_controller/metal/rendering.rb:16:in `render'
  actionpack (4.2.6) lib/action_controller/metal/instrumentation.rb:44:in `block (2 levels) in render'
  activesupport (4.2.6) lib/active_support/core_ext/benchmark.rb:12:in `block in ms'
  /home/docker16/.rbenv/versions/2.1.2/lib/ruby/2.1.0/benchmark.rb:294:in `realtime'
  activesupport (4.2.6) lib/active_support/core_ext/benchmark.rb:12:in `ms'
  actionpack (4.2.6) lib/action_controller/metal/instrumentation.rb:44:in `block in render'
  actionpack (4.2.6) lib/action_controller/metal/instrumentation.rb:87:in `cleanup_view_runtime'
  activerecord (4.2.6) lib/active_record/railties/controller_runtime.rb:25:in `cleanup_view_runtime'
  actionpack (4.2.6) lib/action_controller/metal/instrumentation.rb:43:in `render'
  actionpack (4.2.6) lib/action_controller/metal/implicit_render.rb:10:in `default_render'
  actionpack (4.2.6) lib/action_controller/metal/implicit_render.rb:5:in `send_action'
  actionpack (4.2.6) lib/abstract_controller/base.rb:198:in `process_action'
  actionpack (4.2.6) lib/action_controller/metal/rendering.rb:10:in `process_action'
  actionpack (4.2.6) lib/abstract_controller/callbacks.rb:20:in `block in process_action'
  activesupport (4.2.6) lib/active_support/callbacks.rb:117:in `call'
  activesupport (4.2.6) lib/active_support/callbacks.rb:117:in `call'
  activesupport (4.2.6) lib/active_support/callbacks.rb:555:in `block (2 levels) in compile'
  activesupport (4.2.6) lib/active_support/callbacks.rb:505:in `call'
  activesupport (4.2.6) lib/active_support/callbacks.rb:505:in `call'
  activesupport (4.2.6) lib/active_support/callbacks.rb:92:in `__run_callbacks__'
  activesupport (4.2.6) lib/active_support/callbacks.rb:778:in `_run_process_action_callbacks'
  activesupport (4.2.6) lib/active_support/callbacks.rb:81:in `run_callbacks'
  actionpack (4.2.6) lib/abstract_controller/callbacks.rb:19:in `process_action'
  actionpack (4.2.6) lib/action_controller/metal/rescue.rb:29:in `process_action'
  actionpack (4.2.6) lib/action_controller/metal/instrumentation.rb:32:in `block in process_action'
  activesupport (4.2.6) lib/active_support/notifications.rb:164:in `block in instrument'
  activesupport (4.2.6) lib/active_support/notifications/instrumenter.rb:20:in `instrument'
  activesupport (4.2.6) lib/active_support/notifications.rb:164:in `instrument'
  actionpack (4.2.6) lib/action_controller/metal/instrumentation.rb:30:in `process_action'
  actionpack (4.2.6) lib/action_controller/metal/params_wrapper.rb:250:in `process_action'
  activerecord (4.2.6) lib/active_record/railties/controller_runtime.rb:18:in `process_action'
  actionpack (4.2.6) lib/abstract_controller/base.rb:137:in `process'
  actionview (4.2.6) lib/action_view/rendering.rb:30:in `process'
  actionpack (4.2.6) lib/action_controller/metal.rb:196:in `dispatch'
  actionpack (4.2.6) lib/action_controller/metal/rack_delegation.rb:13:in `dispatch'
  actionpack (4.2.6) lib/action_controller/metal.rb:237:in `block in action'
  actionpack (4.2.6) lib/action_dispatch/routing/route_set.rb:74:in `call'
  actionpack (4.2.6) lib/action_dispatch/routing/route_set.rb:74:in `dispatch'
  actionpack (4.2.6) lib/action_dispatch/routing/route_set.rb:43:in `serve'
  actionpack (4.2.6) lib/action_dispatch/journey/router.rb:43:in `block in serve'
  actionpack (4.2.6) lib/action_dispatch/journey/router.rb:30:in `each'
  actionpack (4.2.6) lib/action_dispatch/journey/router.rb:30:in `serve'
  actionpack (4.2.6) lib/action_dispatch/routing/route_set.rb:817:in `call'
  rack (1.6.10) lib/rack/etag.rb:24:in `call'
  rack (1.6.10) lib/rack/conditionalget.rb:25:in `call'
  rack (1.6.10) lib/rack/head.rb:13:in `call'
  actionpack (4.2.6) lib/action_dispatch/middleware/params_parser.rb:27:in `call'
  actionpack (4.2.6) lib/action_dispatch/middleware/flash.rb:260:in `call'
  rack (1.6.10) lib/rack/session/abstract/id.rb:225:in `context'
  rack (1.6.10) lib/rack/session/abstract/id.rb:220:in `call'
  actionpack (4.2.6) lib/action_dispatch/middleware/cookies.rb:560:in `call'
  activerecord (4.2.6) lib/active_record/query_cache.rb:36:in `call'
  activerecord (4.2.6) lib/active_record/connection_adapters/abstract/connection_pool.rb:653:in `call'
  activerecord (4.2.6) lib/active_record/migration.rb:377:in `call'
  actionpack (4.2.6) lib/action_dispatch/middleware/callbacks.rb:29:in `block in call'
  activesupport (4.2.6) lib/active_support/callbacks.rb:88:in `__run_callbacks__'
  activesupport (4.2.6) lib/active_support/callbacks.rb:778:in `_run_call_callbacks'
  activesupport (4.2.6) lib/active_support/callbacks.rb:81:in `run_callbacks'
  actionpack (4.2.6) lib/action_dispatch/middleware/callbacks.rb:27:in `call'
  actionpack (4.2.6) lib/action_dispatch/middleware/reloader.rb:73:in `call'
  actionpack (4.2.6) lib/action_dispatch/middleware/remote_ip.rb:78:in `call'
  actionpack (4.2.6) lib/action_dispatch/middleware/debug_exceptions.rb:17:in `call'
  web-console (2.3.0) lib/web_console/middleware.rb:20:in `block in call'
  web-console (2.3.0) lib/web_console/middleware.rb:18:in `catch'
  web-console (2.3.0) lib/web_console/middleware.rb:18:in `call'
  actionpack (4.2.6) lib/action_dispatch/middleware/show_exceptions.rb:30:in `call'
  railties (4.2.6) lib/rails/rack/logger.rb:38:in `call_app'
  railties (4.2.6) lib/rails/rack/logger.rb:20:in `block in call'
  activesupport (4.2.6) lib/active_support/tagged_logging.rb:68:in `block in tagged'
  activesupport (4.2.6) lib/active_support/tagged_logging.rb:26:in `tagged'
  activesupport (4.2.6) lib/active_support/tagged_logging.rb:68:in `tagged'
  railties (4.2.6) lib/rails/rack/logger.rb:20:in `call'
  actionpack (4.2.6) lib/action_dispatch/middleware/request_id.rb:21:in `call'
  rack (1.6.10) lib/rack/methodoverride.rb:22:in `call'
  rack (1.6.10) lib/rack/runtime.rb:18:in `call'
  activesupport (4.2.6) lib/active_support/cache/strategy/local_cache_middleware.rb:28:in `call'
  rack (1.6.10) lib/rack/lock.rb:17:in `call'
  actionpack (4.2.6) lib/action_dispatch/middleware/static.rb:120:in `call'
  rack (1.6.10) lib/rack/sendfile.rb:113:in `call'
  railties (4.2.6) lib/rails/engine.rb:518:in `call'
  railties (4.2.6) lib/rails/application.rb:165:in `call'
  rack (1.6.10) lib/rack/lock.rb:17:in `call'
  rack (1.6.10) lib/rack/content_length.rb:15:in `call'
  rack (1.6.10) lib/rack/handler/webrick.rb:88:in `service'
  /home/docker16/.rbenv/versions/2.1.2/lib/ruby/2.1.0/webrick/httpserver.rb:138:in `service'
  /home/docker16/.rbenv/versions/2.1.2/lib/ruby/2.1.0/webrick/httpserver.rb:94:in `run'
  /home/docker16/.rbenv/versions/2.1.2/lib/ruby/2.1.0/webrick/server.rb:295:in `block in start_thread'


  Rendered /home/docker16/.rbenv/versions/2.1.2/lib/ruby/gems/2.1.0/gems/actionpack-4.2.6/lib/action_dispatch/middleware/templates/rescues/_source.erb (4.7ms)
  Rendered /home/docker16/.rbenv/versions/2.1.2/lib/ruby/gems/2.1.0/gems/actionpack-4.2.6/lib/action_dispatch/middleware/templates/rescues/_trace.html.erb (2.7ms)
  Rendered /home/docker16/.rbenv/versions/2.1.2/lib/ruby/gems/2.1.0/gems/actionpack-4.2.6/lib/action_dispatch/middleware/templates/rescues/_request_and_response.html.erb (1.0ms)
  Rendered /home/docker16/.rbenv/versions/2.1.2/lib/ruby/gems/2.1.0/gems/actionpack-4.2.6/lib/action_dispatch/middleware/templates/rescues/missing_template.html.erb within rescues/layout (24.1ms)


Started GET "/" for 192.168.1.62 at 2018-05-09 10:12:31 +0700
Cannot render console from 192.168.1.62! Allowed networks: 127.0.0.1, ::1, 127.0.0.0/127.255.255.255
Processing by HomeController#index as HTML
Completed 500 Internal Server Error in 4ms (ActiveRecord: 0.0ms)

ActionView::MissingTemplate (Missing template home/index, application/index with {:locale=>[:en], :formats=>[:html], :variants=>[], :handlers=>[:erb, :builder, :raw, :ruby, :coffee, :jbuilder]}. Searched in:
  * "/home/docker16/app_rails/app/views"
):
  actionview (4.2.6) lib/action_view/path_set.rb:46:in `find'
  actionview (4.2.6) lib/action_view/lookup_context.rb:121:in `find'
  actionview (4.2.6) lib/action_view/renderer/abstract_renderer.rb:18:in `find_template'
  actionview (4.2.6) lib/action_view/renderer/template_renderer.rb:40:in `determine_template'
  actionview (4.2.6) lib/action_view/renderer/template_renderer.rb:8:in `render'
  actionview (4.2.6) lib/action_view/renderer/renderer.rb:46:in `render_template'
  actionview (4.2.6) lib/action_view/renderer/renderer.rb:27:in `render'
  actionview (4.2.6) lib/action_view/rendering.rb:100:in `_render_template'
  actionpack (4.2.6) lib/action_controller/metal/streaming.rb:217:in `_render_template'
  actionview (4.2.6) lib/action_view/rendering.rb:83:in `render_to_body'
  actionpack (4.2.6) lib/action_controller/metal/rendering.rb:32:in `render_to_body'
  actionpack (4.2.6) lib/action_controller/metal/renderers.rb:37:in `render_to_body'
  actionpack (4.2.6) lib/abstract_controller/rendering.rb:25:in `render'
  actionpack (4.2.6) lib/action_controller/metal/rendering.rb:16:in `render'
  actionpack (4.2.6) lib/action_controller/metal/instrumentation.rb:44:in `block (2 levels) in render'
  activesupport (4.2.6) lib/active_support/core_ext/benchmark.rb:12:in `block in ms'
  /home/docker16/.rbenv/versions/2.1.2/lib/ruby/2.1.0/benchmark.rb:294:in `realtime'
  activesupport (4.2.6) lib/active_support/core_ext/benchmark.rb:12:in `ms'
  actionpack (4.2.6) lib/action_controller/metal/instrumentation.rb:44:in `block in render'
  actionpack (4.2.6) lib/action_controller/metal/instrumentation.rb:87:in `cleanup_view_runtime'
  activerecord (4.2.6) lib/active_record/railties/controller_runtime.rb:25:in `cleanup_view_runtime'
  actionpack (4.2.6) lib/action_controller/metal/instrumentation.rb:43:in `render'
  actionpack (4.2.6) lib/action_controller/metal/implicit_render.rb:10:in `default_render'
  actionpack (4.2.6) lib/action_controller/metal/implicit_render.rb:5:in `send_action'
  actionpack (4.2.6) lib/abstract_controller/base.rb:198:in `process_action'
  actionpack (4.2.6) lib/action_controller/metal/rendering.rb:10:in `process_action'
  actionpack (4.2.6) lib/abstract_controller/callbacks.rb:20:in `block in process_action'
  activesupport (4.2.6) lib/active_support/callbacks.rb:117:in `call'
  activesupport (4.2.6) lib/active_support/callbacks.rb:117:in `call'
  activesupport (4.2.6) lib/active_support/callbacks.rb:555:in `block (2 levels) in compile'
  activesupport (4.2.6) lib/active_support/callbacks.rb:505:in `call'
  activesupport (4.2.6) lib/active_support/callbacks.rb:505:in `call'
  activesupport (4.2.6) lib/active_support/callbacks.rb:92:in `__run_callbacks__'
  activesupport (4.2.6) lib/active_support/callbacks.rb:778:in `_run_process_action_callbacks'
  activesupport (4.2.6) lib/active_support/callbacks.rb:81:in `run_callbacks'
  actionpack (4.2.6) lib/abstract_controller/callbacks.rb:19:in `process_action'
  actionpack (4.2.6) lib/action_controller/metal/rescue.rb:29:in `process_action'
  actionpack (4.2.6) lib/action_controller/metal/instrumentation.rb:32:in `block in process_action'
  activesupport (4.2.6) lib/active_support/notifications.rb:164:in `block in instrument'
  activesupport (4.2.6) lib/active_support/notifications/instrumenter.rb:20:in `instrument'
  activesupport (4.2.6) lib/active_support/notifications.rb:164:in `instrument'
  actionpack (4.2.6) lib/action_controller/metal/instrumentation.rb:30:in `process_action'
  actionpack (4.2.6) lib/action_controller/metal/params_wrapper.rb:250:in `process_action'
  activerecord (4.2.6) lib/active_record/railties/controller_runtime.rb:18:in `process_action'
  actionpack (4.2.6) lib/abstract_controller/base.rb:137:in `process'
  actionview (4.2.6) lib/action_view/rendering.rb:30:in `process'
  actionpack (4.2.6) lib/action_controller/metal.rb:196:in `dispatch'
  actionpack (4.2.6) lib/action_controller/metal/rack_delegation.rb:13:in `dispatch'
  actionpack (4.2.6) lib/action_controller/metal.rb:237:in `block in action'
  actionpack (4.2.6) lib/action_dispatch/routing/route_set.rb:74:in `call'
  actionpack (4.2.6) lib/action_dispatch/routing/route_set.rb:74:in `dispatch'
  actionpack (4.2.6) lib/action_dispatch/routing/route_set.rb:43:in `serve'
  actionpack (4.2.6) lib/action_dispatch/journey/router.rb:43:in `block in serve'
  actionpack (4.2.6) lib/action_dispatch/journey/router.rb:30:in `each'
  actionpack (4.2.6) lib/action_dispatch/journey/router.rb:30:in `serve'
  actionpack (4.2.6) lib/action_dispatch/routing/route_set.rb:817:in `call'
  rack (1.6.10) lib/rack/etag.rb:24:in `call'
  rack (1.6.10) lib/rack/conditionalget.rb:25:in `call'
  rack (1.6.10) lib/rack/head.rb:13:in `call'
  actionpack (4.2.6) lib/action_dispatch/middleware/params_parser.rb:27:in `call'
  actionpack (4.2.6) lib/action_dispatch/middleware/flash.rb:260:in `call'
  rack (1.6.10) lib/rack/session/abstract/id.rb:225:in `context'
  rack (1.6.10) lib/rack/session/abstract/id.rb:220:in `call'
  actionpack (4.2.6) lib/action_dispatch/middleware/cookies.rb:560:in `call'
  activerecord (4.2.6) lib/active_record/query_cache.rb:36:in `call'
  activerecord (4.2.6) lib/active_record/connection_adapters/abstract/connection_pool.rb:653:in `call'
  activerecord (4.2.6) lib/active_record/migration.rb:377:in `call'
  actionpack (4.2.6) lib/action_dispatch/middleware/callbacks.rb:29:in `block in call'
  activesupport (4.2.6) lib/active_support/callbacks.rb:88:in `__run_callbacks__'
  activesupport (4.2.6) lib/active_support/callbacks.rb:778:in `_run_call_callbacks'
  activesupport (4.2.6) lib/active_support/callbacks.rb:81:in `run_callbacks'
  actionpack (4.2.6) lib/action_dispatch/middleware/callbacks.rb:27:in `call'
  actionpack (4.2.6) lib/action_dispatch/middleware/reloader.rb:73:in `call'
  actionpack (4.2.6) lib/action_dispatch/middleware/remote_ip.rb:78:in `call'
  actionpack (4.2.6) lib/action_dispatch/middleware/debug_exceptions.rb:17:in `call'
  web-console (2.3.0) lib/web_console/middleware.rb:20:in `block in call'
  web-console (2.3.0) lib/web_console/middleware.rb:18:in `catch'
  web-console (2.3.0) lib/web_console/middleware.rb:18:in `call'
  actionpack (4.2.6) lib/action_dispatch/middleware/show_exceptions.rb:30:in `call'
  railties (4.2.6) lib/rails/rack/logger.rb:38:in `call_app'
  railties (4.2.6) lib/rails/rack/logger.rb:20:in `block in call'
  activesupport (4.2.6) lib/active_support/tagged_logging.rb:68:in `block in tagged'
  activesupport (4.2.6) lib/active_support/tagged_logging.rb:26:in `tagged'
  activesupport (4.2.6) lib/active_support/tagged_logging.rb:68:in `tagged'
  railties (4.2.6) lib/rails/rack/logger.rb:20:in `call'
  actionpack (4.2.6) lib/action_dispatch/middleware/request_id.rb:21:in `call'
  rack (1.6.10) lib/rack/methodoverride.rb:22:in `call'
  rack (1.6.10) lib/rack/runtime.rb:18:in `call'
  activesupport (4.2.6) lib/active_support/cache/strategy/local_cache_middleware.rb:28:in `call'
  rack (1.6.10) lib/rack/lock.rb:17:in `call'
  actionpack (4.2.6) lib/action_dispatch/middleware/static.rb:120:in `call'
  rack (1.6.10) lib/rack/sendfile.rb:113:in `call'
  railties (4.2.6) lib/rails/engine.rb:518:in `call'
  railties (4.2.6) lib/rails/application.rb:165:in `call'
  rack (1.6.10) lib/rack/lock.rb:17:in `call'
  rack (1.6.10) lib/rack/content_length.rb:15:in `call'
  rack (1.6.10) lib/rack/handler/webrick.rb:88:in `service'
  /home/docker16/.rbenv/versions/2.1.2/lib/ruby/2.1.0/webrick/httpserver.rb:138:in `service'
  /home/docker16/.rbenv/versions/2.1.2/lib/ruby/2.1.0/webrick/httpserver.rb:94:in `run'
  /home/docker16/.rbenv/versions/2.1.2/lib/ruby/2.1.0/webrick/server.rb:295:in `block in start_thread'


  Rendered /home/docker16/.rbenv/versions/2.1.2/lib/ruby/gems/2.1.0/gems/actionpack-4.2.6/lib/action_dispatch/middleware/templates/rescues/_source.erb (4.1ms)
  Rendered /home/docker16/.rbenv/versions/2.1.2/lib/ruby/gems/2.1.0/gems/actionpack-4.2.6/lib/action_dispatch/middleware/templates/rescues/_trace.html.erb (1.8ms)
  Rendered /home/docker16/.rbenv/versions/2.1.2/lib/ruby/gems/2.1.0/gems/actionpack-4.2.6/lib/action_dispatch/middleware/templates/rescues/_request_and_response.html.erb (1.4ms)
  Rendered /home/docker16/.rbenv/versions/2.1.2/lib/ruby/gems/2.1.0/gems/actionpack-4.2.6/lib/action_dispatch/middleware/templates/rescues/missing_template.html.erb within rescues/layout (20.5ms)


Started GET "/" for 192.168.1.62 at 2018-05-09 10:32:15 +0700
Cannot render console from 192.168.1.62! Allowed networks: 127.0.0.1, ::1, 127.0.0.0/127.255.255.255
Processing by HomeController#index as HTML
  Rendered home/index.html.erb within layouts/application (2.8ms)
Completed 200 OK in 545ms (Views: 527.7ms | ActiveRecord: 0.0ms)


Started GET "/assets/application.self-e80e8f2318043e8af94dddc2adad5a4f09739a8ebb323b3ab31cd71d45fd9113.css?body=1" for 192.168.1.62 at 2018-05-09 10:32:16 +0700
Cannot render console from 192.168.1.62! Allowed networks: 127.0.0.1, ::1, 127.0.0.0/127.255.255.255


Started GET "/assets/turbolinks.self-2db6ec539b9190f75e1d477b305df53d12904d5cafdd47c7ffd91ba25cbec128.js?body=1" for 192.168.1.62 at 2018-05-09 10:32:16 +0700
Cannot render console from 192.168.1.62! Allowed networks: 127.0.0.1, ::1, 127.0.0.0/127.255.255.255


Started GET "/assets/jquery_ujs.self-784a997f6726036b1993eb2217c9cb558e1cbb801c6da88105588c56f13b466a.js?body=1" for 192.168.1.62 at 2018-05-09 10:32:16 +0700
Cannot render console from 192.168.1.62! Allowed networks: 127.0.0.1, ::1, 127.0.0.0/127.255.255.255


Started GET "/assets/jquery.self-bd7ddd393353a8d2480a622e80342adf488fb6006d667e8b42e4c0073393abee.js?body=1" for 192.168.1.62 at 2018-05-09 10:32:16 +0700
Cannot render console from 192.168.1.62! Allowed networks: 127.0.0.1, ::1, 127.0.0.0/127.255.255.255


Started GET "/assets/application.self-3b8dabdc891efe46b9a144b400ad69e37d7e5876bdc39dee783419a69d7ca819.js?body=1" for 192.168.1.62 at 2018-05-09 10:32:16 +0700
Cannot render console from 192.168.1.62! Allowed networks: 127.0.0.1, ::1, 127.0.0.0/127.255.255.255


Started GET "/" for 192.168.1.62 at 2018-05-09 10:33:02 +0700
Cannot render console from 192.168.1.62! Allowed networks: 127.0.0.1, ::1, 127.0.0.0/127.255.255.255
Processing by DockerController#index as HTML
  Rendered docker/index.html.erb within layouts/application (1.3ms)
Completed 200 OK in 221ms (Views: 211.3ms | ActiveRecord: 0.0ms)


Started GET "/assets/application.self-e80e8f2318043e8af94dddc2adad5a4f09739a8ebb323b3ab31cd71d45fd9113.css?body=1" for 192.168.1.62 at 2018-05-09 10:33:03 +0700
Cannot render console from 192.168.1.62! Allowed networks: 127.0.0.1, ::1, 127.0.0.0/127.255.255.255


Started GET "/assets/application.self-3b8dabdc891efe46b9a144b400ad69e37d7e5876bdc39dee783419a69d7ca819.js?body=1" for 192.168.1.62 at 2018-05-09 10:33:03 +0700
Cannot render console from 192.168.1.62! Allowed networks: 127.0.0.1, ::1, 127.0.0.0/127.255.255.255


Started GET "/assets/turbolinks.self-2db6ec539b9190f75e1d477b305df53d12904d5cafdd47c7ffd91ba25cbec128.js?body=1" for 192.168.1.62 at 2018-05-09 10:33:03 +0700
Cannot render console from 192.168.1.62! Allowed networks: 127.0.0.1, ::1, 127.0.0.0/127.255.255.255


Started GET "/assets/jquery_ujs.self-784a997f6726036b1993eb2217c9cb558e1cbb801c6da88105588c56f13b466a.js?body=1" for 192.168.1.62 at 2018-05-09 10:33:03 +0700
Cannot render console from 192.168.1.62! Allowed networks: 127.0.0.1, ::1, 127.0.0.0/127.255.255.255


Started GET "/assets/jquery.self-bd7ddd393353a8d2480a622e80342adf488fb6006d667e8b42e4c0073393abee.js?body=1" for 192.168.1.62 at 2018-05-09 10:33:03 +0700
Cannot render console from 192.168.1.62! Allowed networks: 127.0.0.1, ::1, 127.0.0.0/127.255.255.255


Started GET "/" for 192.168.1.62 at 2018-05-09 10:34:23 +0700
Cannot render console from 192.168.1.62! Allowed networks: 127.0.0.1, ::1, 127.0.0.0/127.255.255.255
Processing by DockerController#index as HTML
  Rendered docker/index.html.erb within layouts/application (1.1ms)
Completed 200 OK in 292ms (Views: 281.1ms | ActiveRecord: 0.0ms)


Started GET "/assets/application.self-e80e8f2318043e8af94dddc2adad5a4f09739a8ebb323b3ab31cd71d45fd9113.css?body=1" for 192.168.1.62 at 2018-05-09 10:34:23 +0700
Cannot render console from 192.168.1.62! Allowed networks: 127.0.0.1, ::1, 127.0.0.0/127.255.255.255


Started GET "/assets/turbolinks.self-2db6ec539b9190f75e1d477b305df53d12904d5cafdd47c7ffd91ba25cbec128.js?body=1" for 192.168.1.62 at 2018-05-09 10:34:23 +0700
Cannot render console from 192.168.1.62! Allowed networks: 127.0.0.1, ::1, 127.0.0.0/127.255.255.255


Started GET "/assets/application.self-3b8dabdc891efe46b9a144b400ad69e37d7e5876bdc39dee783419a69d7ca819.js?body=1" for 192.168.1.62 at 2018-05-09 10:34:23 +0700
Cannot render console from 192.168.1.62! Allowed networks: 127.0.0.1, ::1, 127.0.0.0/127.255.255.255


Started GET "/assets/jquery.self-bd7ddd393353a8d2480a622e80342adf488fb6006d667e8b42e4c0073393abee.js?body=1" for 192.168.1.62 at 2018-05-09 10:34:23 +0700
Cannot render console from 192.168.1.62! Allowed networks: 127.0.0.1, ::1, 127.0.0.0/127.255.255.255


Started GET "/assets/jquery_ujs.self-784a997f6726036b1993eb2217c9cb558e1cbb801c6da88105588c56f13b466a.js?body=1" for 192.168.1.62 at 2018-05-09 10:34:23 +0700
Cannot render console from 192.168.1.62! Allowed networks: 127.0.0.1, ::1, 127.0.0.0/127.255.255.255
